#
# There is insufficient memory for the Java Runtime Environment to continue.
# Native memory allocation (malloc) failed to allocate 32744 bytes for Chunk::new
# Possible reasons:
#   The system is out of physical RAM or swap space
#   The process is running with CompressedOops enabled, and the Java Heap may be blocking the growth of the native heap
# Possible solutions:
#   Reduce memory load on the system
#   Increase physical memory or swap space
#   Check if swap backing store is full
#   Decrease Java heap size (-Xmx/-Xms)
#   Decrease number of Java threads
#   Decrease Java thread stack sizes (-Xss)
#   Set larger code cache with -XX:ReservedCodeCacheSize=
#   JVM is running with Unscaled Compressed Oops mode in which the Java heap is
#     placed in the first 4GB address space. The Java Heap base address is the
#     maximum limit for the native heap growth. Please use -XX:HeapBaseMinAddress
#     to set the Java Heap base and to place the Java Heap above 4GB virtual address.
# This output file may be truncated or incomplete.
#
#  Out of Memory Error (arena.cpp:184), pid=2320, tid=14296
#
# JRE version: Java(TM) SE Runtime Environment (20.0.1+9) (build 20.0.1+9-29)
# Java VM: Java HotSpot(TM) 64-Bit Server VM (20.0.1+9-29, mixed mode, sharing, tiered, compressed oops, compressed class ptrs, g1 gc, windows-amd64)
# No core dump will be written. Minidumps are not enabled by default on client versions of Windows
#

---------------  S U M M A R Y ------------

Command Line: -javaagent:C:\Program Files\JetBrains\IntelliJ IDEA Community Edition 2023.2\lib\idea_rt.jar=58270:C:\Program Files\JetBrains\IntelliJ IDEA Community Edition 2023.2\bin -Dfile.encoding=UTF-8 -Dsun.stdout.encoding=UTF-8 -Dsun.stderr.encoding=UTF-8 com.Buyogo.Center.CenterApplication

Host: Intel(R) Core(TM) i3-7020U CPU @ 2.30GHz, 4 cores, 3G,  Windows 10 , 64 bit Build 19041 (10.0.19041.3636)
Time: Thu May  9 11:12:16 2024 India Standard Time elapsed time: 1.073528 seconds (0d 0h 0m 1s)

---------------  T H R E A D  ---------------

Current thread (0x000001a17f8779f0):  JavaThread "C1 CompilerThread0" daemon [_thread_in_native, id=14296, stack(0x00000047d4300000,0x00000047d4400000)]


Current CompileTask:
C1:   1073  812       3       java.net.URLStreamHandler::parseURL (1124 bytes)

Stack: [0x00000047d4300000,0x00000047d4400000]
Native frames: (J=compiled Java code, j=interpreted, Vv=VM code, C=native code)
V  [jvm.dll+0x6bb95a]
V  [jvm.dll+0x8485fa]
V  [jvm.dll+0x84a1f5]
V  [jvm.dll+0x84a8f3]
V  [jvm.dll+0x280b0f]
V  [jvm.dll+0xc2b11]
V  [jvm.dll+0xc2e35]
V  [jvm.dll+0x1413fe]
V  [jvm.dll+0x1407b7]
V  [jvm.dll+0x19e30b]
V  [jvm.dll+0x19e8e6]
V  [jvm.dll+0x158863]
V  [jvm.dll+0x158152]
V  [jvm.dll+0x158384]
V  [jvm.dll+0x1577c6]
V  [jvm.dll+0x1594fd]
V  [jvm.dll+0x259e1b]
V  [jvm.dll+0x2584f0]
V  [jvm.dll+0x3f2895]
V  [jvm.dll+0x7f4b56]
V  [jvm.dll+0x6ba5cb]
C  [ucrtbase.dll+0x21bb2]
C  [KERNEL32.DLL+0x17344]
C  [ntdll.dll+0x526b1]


---------------  P R O C E S S  ---------------

Threads class SMR info:
_java_thread_list=0x000001a17fab8360, length=13, elements={
0x000001a175dfd450, 0x000001a17f86a910, 0x000001a17f86cb60, 0x000001a17f86d840,
0x000001a17f870190, 0x000001a17f871ae0, 0x000001a17f872420, 0x000001a17f873090,
0x000001a17f8779f0, 0x000001a17f84c330, 0x000001a17fc0f820, 0x000001a17fe293a0,
0x000001a17fdcbed0
}

Java Threads: ( => current thread )
  0x000001a175dfd450 JavaThread "main" [_thread_in_vm, id=6256, stack(0x00000047d3500000,0x00000047d3600000)]
  0x000001a17f86a910 JavaThread "Reference Handler" daemon [_thread_in_Java, id=3648, stack(0x00000047d3c00000,0x00000047d3d00000)]
  0x000001a17f86cb60 JavaThread "Finalizer" daemon [_thread_blocked, id=13864, stack(0x00000047d3d00000,0x00000047d3e00000)]
  0x000001a17f86d840 JavaThread "Signal Dispatcher" daemon [_thread_blocked, id=10512, stack(0x00000047d3e00000,0x00000047d3f00000)]
  0x000001a17f870190 JavaThread "Attach Listener" daemon [_thread_blocked, id=1488, stack(0x00000047d3f00000,0x00000047d4000000)]
  0x000001a17f871ae0 JavaThread "Service Thread" daemon [_thread_blocked, id=13052, stack(0x00000047d4000000,0x00000047d4100000)]
  0x000001a17f872420 JavaThread "Monitor Deflation Thread" daemon [_thread_blocked, id=10004, stack(0x00000047d4100000,0x00000047d4200000)]
  0x000001a17f873090 JavaThread "C2 CompilerThread0" daemon [_thread_blocked, id=12384, stack(0x00000047d4200000,0x00000047d4300000)]
=>0x000001a17f8779f0 JavaThread "C1 CompilerThread0" daemon [_thread_in_native, id=14296, stack(0x00000047d4300000,0x00000047d4400000)]
  0x000001a17f84c330 JavaThread "Common-Cleaner" daemon [_thread_blocked, id=4816, stack(0x00000047d4400000,0x00000047d4500000)]
  0x000001a17fc0f820 JavaThread "C2 CompilerThread1" daemon [_thread_blocked, id=5224, stack(0x00000047d4500000,0x00000047d4600000)]
  0x000001a17fe293a0 JavaThread "Monitor Ctrl-Break" daemon [_thread_in_native, id=5392, stack(0x00000047d4600000,0x00000047d4700000)]
  0x000001a17fdcbed0 JavaThread "Notification Thread" daemon [_thread_blocked, id=13016, stack(0x00000047d4700000,0x00000047d4800000)]

Other Threads:
  0x000001a175ebd500 VMThread "VM Thread" [stack: 0x00000047d3b00000,0x00000047d3c00000] [id=13272]
  0x000001a17fda2bb0 WatcherThread "VM Periodic Task Thread" [stack: 0x00000047d4800000,0x00000047d4900000] [id=10112]
  0x000001a175e3d8a0 WorkerThread "GC Thread#0" [stack: 0x00000047d3600000,0x00000047d3700000] [id=5376]
  0x000001a115496ec0 WorkerThread "GC Thread#1" [stack: 0x00000047d4900000,0x00000047d4a00000] [id=14236]
  0x000001a11561af40 WorkerThread "GC Thread#2" [stack: 0x0000000000000000,0x0000000000000000] [id=2028]
  0x000001a115481d40 WorkerThread "GC Thread#3" [stack: 0x0000000000000000,0x0000000000000000] [id=11772]
  0x000001a175e492f0 ConcurrentGCThread "G1 Main Marker" [stack: 0x00000047d3700000,0x00000047d3800000] [id=10952]
  0x000001a175e49dd0 WorkerThread "G1 Conc#0" [stack: 0x00000047d3800000,0x00000047d3900000] [id=372]
  0x000001a175e9b910 ConcurrentGCThread "G1 Refine#0" [stack: 0x00000047d3900000,0x00000047d3a00000] [id=14128]
  0x000001a175e9c460 ConcurrentGCThread "G1 Service" [stack: 0x00000047d3a00000,0x00000047d3b00000] [id=5172]

Threads with active compile tasks:
C1 CompilerThread0     1119  812       3       java.net.URLStreamHandler::parseURL (1124 bytes)

VM state: not at safepoint (normal execution)

VM Mutex/Monitor currently owned by a thread: None

Heap address: 0x00000000c2000000, size: 992 MB, Compressed Oops mode: 32-bit

CDS archive(s) mapped at: [0x0000000800000000-0x0000000800c60000-0x0000000800c60000), size 12976128, SharedBaseAddress: 0x0000000800000000, ArchiveRelocationMode: 0.
Compressed class space mapped at: 0x0000000801000000-0x0000000841000000, reserved size: 1073741824
Narrow klass base: 0x0000000800000000, Narrow klass shift: 0, Narrow klass range: 0x100000000

GC Precious Log:
 CardTable entry size: 512
 Card Set container configuration: InlinePtr #cards 5 size 8 Array Of Cards #cards 12 size 40 Howl #buckets 4 coarsen threshold 1843 Howl Bitmap #cards 512 size 80 coarsen threshold 460 Card regions per heap region 1 cards per card region 2048
 CPUs: 4 total, 4 available
 Memory: 3962M
 Large Page Support: Disabled
 NUMA Support: Disabled
 Compressed Oops: Enabled (32-bit)
 Heap Region Size: 1M
 Heap Min Capacity: 8M
 Heap Initial Capacity: 62M
 Heap Max Capacity: 992M
 Pre-touch: Disabled
 Parallel Workers: 4
 Concurrent Workers: 1
 Concurrent Refinement Workers: 4
 Periodic GC: Disabled

Heap:
 garbage-first heap   total 63488K, used 6336K [0x00000000c2000000, 0x0000000100000000)
  region size 1024K, 3 young (3072K), 2 survivors (2048K)
 Metaspace       used 3356K, committed 3584K, reserved 1114112K
  class space    used 341K, committed 448K, reserved 1048576K

Heap Regions: E=young(eden), S=young(survivor), O=old, HS=humongous(starts), HC=humongous(continues), CS=collection set, F=free, OA=open archive, CA=closed archive, TAMS=top-at-mark-start, PB=parsable bottom
|   0|0x00000000c2000000, 0x00000000c2100000, 0x00000000c2100000|100%|HS|  |TAMS 0x00000000c2000000| PB 0x00000000c2000000| Complete 
|   1|0x00000000c2100000, 0x00000000c2200000, 0x00000000c2200000|100%| O|  |TAMS 0x00000000c2100000| PB 0x00000000c2100000| Untracked 
|   2|0x00000000c2200000, 0x00000000c2300000, 0x00000000c2300000|100%| O|  |TAMS 0x00000000c2200000| PB 0x00000000c2200000| Untracked 
|   3|0x00000000c2300000, 0x00000000c2400000, 0x00000000c2400000|100%| O|  |TAMS 0x00000000c2300000| PB 0x00000000c2300000| Untracked 
|   4|0x00000000c2400000, 0x00000000c2430000, 0x00000000c2500000| 18%| O|  |TAMS 0x00000000c2400000| PB 0x00000000c2400000| Untracked 
|   5|0x00000000c2500000, 0x00000000c2500000, 0x00000000c2600000|  0%| F|  |TAMS 0x00000000c2500000| PB 0x00000000c2500000| Untracked 
|   6|0x00000000c2600000, 0x00000000c2600000, 0x00000000c2700000|  0%| F|  |TAMS 0x00000000c2600000| PB 0x00000000c2600000| Untracked 
|   7|0x00000000c2700000, 0x00000000c2700000, 0x00000000c2800000|  0%| F|  |TAMS 0x00000000c2700000| PB 0x00000000c2700000| Untracked 
|   8|0x00000000c2800000, 0x00000000c2800000, 0x00000000c2900000|  0%| F|  |TAMS 0x00000000c2800000| PB 0x00000000c2800000| Untracked 
|   9|0x00000000c2900000, 0x00000000c2900000, 0x00000000c2a00000|  0%| F|  |TAMS 0x00000000c2900000| PB 0x00000000c2900000| Untracked 
|  10|0x00000000c2a00000, 0x00000000c2a00000, 0x00000000c2b00000|  0%| F|  |TAMS 0x00000000c2a00000| PB 0x00000000c2a00000| Untracked 
|  11|0x00000000c2b00000, 0x00000000c2b00000, 0x00000000c2c00000|  0%| F|  |TAMS 0x00000000c2b00000| PB 0x00000000c2b00000| Untracked 
|  12|0x00000000c2c00000, 0x00000000c2c00000, 0x00000000c2d00000|  0%| F|  |TAMS 0x00000000c2c00000| PB 0x00000000c2c00000| Untracked 
|  13|0x00000000c2d00000, 0x00000000c2d00000, 0x00000000c2e00000|  0%| F|  |TAMS 0x00000000c2d00000| PB 0x00000000c2d00000| Untracked 
|  14|0x00000000c2e00000, 0x00000000c2e00000, 0x00000000c2f00000|  0%| F|  |TAMS 0x00000000c2e00000| PB 0x00000000c2e00000| Untracked 
|  15|0x00000000c2f00000, 0x00000000c2f00000, 0x00000000c3000000|  0%| F|  |TAMS 0x00000000c2f00000| PB 0x00000000c2f00000| Untracked 
|  16|0x00000000c3000000, 0x00000000c3000000, 0x00000000c3100000|  0%| F|  |TAMS 0x00000000c3000000| PB 0x00000000c3000000| Untracked 
|  17|0x00000000c3100000, 0x00000000c3100000, 0x00000000c3200000|  0%| F|  |TAMS 0x00000000c3100000| PB 0x00000000c3100000| Untracked 
|  18|0x00000000c3200000, 0x00000000c3200000, 0x00000000c3300000|  0%| F|  |TAMS 0x00000000c3200000| PB 0x00000000c3200000| Untracked 
|  19|0x00000000c3300000, 0x00000000c3300000, 0x00000000c3400000|  0%| F|  |TAMS 0x00000000c3300000| PB 0x00000000c3300000| Untracked 
|  20|0x00000000c3400000, 0x00000000c3400000, 0x00000000c3500000|  0%| F|  |TAMS 0x00000000c3400000| PB 0x00000000c3400000| Untracked 
|  21|0x00000000c3500000, 0x00000000c3500000, 0x00000000c3600000|  0%| F|  |TAMS 0x00000000c3500000| PB 0x00000000c3500000| Untracked 
|  22|0x00000000c3600000, 0x00000000c3600000, 0x00000000c3700000|  0%| F|  |TAMS 0x00000000c3600000| PB 0x00000000c3600000| Untracked 
|  23|0x00000000c3700000, 0x00000000c3700000, 0x00000000c3800000|  0%| F|  |TAMS 0x00000000c3700000| PB 0x00000000c3700000| Untracked 
|  24|0x00000000c3800000, 0x00000000c3800000, 0x00000000c3900000|  0%| F|  |TAMS 0x00000000c3800000| PB 0x00000000c3800000| Untracked 
|  25|0x00000000c3900000, 0x00000000c3900000, 0x00000000c3a00000|  0%| F|  |TAMS 0x00000000c3900000| PB 0x00000000c3900000| Untracked 
|  26|0x00000000c3a00000, 0x00000000c3a00000, 0x00000000c3b00000|  0%| F|  |TAMS 0x00000000c3a00000| PB 0x00000000c3a00000| Untracked 
|  27|0x00000000c3b00000, 0x00000000c3b00000, 0x00000000c3c00000|  0%| F|  |TAMS 0x00000000c3b00000| PB 0x00000000c3b00000| Untracked 
|  28|0x00000000c3c00000, 0x00000000c3c00000, 0x00000000c3d00000|  0%| F|  |TAMS 0x00000000c3c00000| PB 0x00000000c3c00000| Untracked 
|  29|0x00000000c3d00000, 0x00000000c3d00000, 0x00000000c3e00000|  0%| F|  |TAMS 0x00000000c3d00000| PB 0x00000000c3d00000| Untracked 
|  30|0x00000000c3e00000, 0x00000000c3e00000, 0x00000000c3f00000|  0%| F|  |TAMS 0x00000000c3e00000| PB 0x00000000c3e00000| Untracked 
|  31|0x00000000c3f00000, 0x00000000c3f00000, 0x00000000c4000000|  0%| F|  |TAMS 0x00000000c3f00000| PB 0x00000000c3f00000| Untracked 
|  32|0x00000000c4000000, 0x00000000c4000000, 0x00000000c4100000|  0%| F|  |TAMS 0x00000000c4000000| PB 0x00000000c4000000| Untracked 
|  33|0x00000000c4100000, 0x00000000c4100000, 0x00000000c4200000|  0%| F|  |TAMS 0x00000000c4100000| PB 0x00000000c4100000| Untracked 
|  34|0x00000000c4200000, 0x00000000c4200000, 0x00000000c4300000|  0%| F|  |TAMS 0x00000000c4200000| PB 0x00000000c4200000| Untracked 
|  35|0x00000000c4300000, 0x00000000c4300000, 0x00000000c4400000|  0%| F|  |TAMS 0x00000000c4300000| PB 0x00000000c4300000| Untracked 
|  36|0x00000000c4400000, 0x00000000c4400000, 0x00000000c4500000|  0%| F|  |TAMS 0x00000000c4400000| PB 0x00000000c4400000| Untracked 
|  37|0x00000000c4500000, 0x00000000c4500000, 0x00000000c4600000|  0%| F|  |TAMS 0x00000000c4500000| PB 0x00000000c4500000| Untracked 
|  38|0x00000000c4600000, 0x00000000c4600000, 0x00000000c4700000|  0%| F|  |TAMS 0x00000000c4600000| PB 0x00000000c4600000| Untracked 
|  39|0x00000000c4700000, 0x00000000c4700000, 0x00000000c4800000|  0%| F|  |TAMS 0x00000000c4700000| PB 0x00000000c4700000| Untracked 
|  40|0x00000000c4800000, 0x00000000c4800000, 0x00000000c4900000|  0%| F|  |TAMS 0x00000000c4800000| PB 0x00000000c4800000| Untracked 
|  41|0x00000000c4900000, 0x00000000c4900000, 0x00000000c4a00000|  0%| F|  |TAMS 0x00000000c4900000| PB 0x00000000c4900000| Untracked 
|  42|0x00000000c4a00000, 0x00000000c4a00000, 0x00000000c4b00000|  0%| F|  |TAMS 0x00000000c4a00000| PB 0x00000000c4a00000| Untracked 
|  43|0x00000000c4b00000, 0x00000000c4b00000, 0x00000000c4c00000|  0%| F|  |TAMS 0x00000000c4b00000| PB 0x00000000c4b00000| Untracked 
|  44|0x00000000c4c00000, 0x00000000c4c00000, 0x00000000c4d00000|  0%| F|  |TAMS 0x00000000c4c00000| PB 0x00000000c4c00000| Untracked 
|  45|0x00000000c4d00000, 0x00000000c4d00000, 0x00000000c4e00000|  0%| F|  |TAMS 0x00000000c4d00000| PB 0x00000000c4d00000| Untracked 
|  46|0x00000000c4e00000, 0x00000000c4e00000, 0x00000000c4f00000|  0%| F|  |TAMS 0x00000000c4e00000| PB 0x00000000c4e00000| Untracked 
|  47|0x00000000c4f00000, 0x00000000c5000000, 0x00000000c5000000|100%| S|CS|TAMS 0x00000000c4f00000| PB 0x00000000c4f00000| Complete 
|  48|0x00000000c5000000, 0x00000000c5100000, 0x00000000c5100000|100%| S|CS|TAMS 0x00000000c5000000| PB 0x00000000c5000000| Complete 
|  49|0x00000000c5100000, 0x00000000c5100000, 0x00000000c5200000|  0%| F|  |TAMS 0x00000000c5100000| PB 0x00000000c5100000| Untracked 
|  50|0x00000000c5200000, 0x00000000c5200000, 0x00000000c5300000|  0%| F|  |TAMS 0x00000000c5200000| PB 0x00000000c5200000| Untracked 
|  51|0x00000000c5300000, 0x00000000c5300000, 0x00000000c5400000|  0%| F|  |TAMS 0x00000000c5300000| PB 0x00000000c5300000| Untracked 
|  52|0x00000000c5400000, 0x00000000c5400000, 0x00000000c5500000|  0%| F|  |TAMS 0x00000000c5400000| PB 0x00000000c5400000| Untracked 
|  53|0x00000000c5500000, 0x00000000c5500000, 0x00000000c5600000|  0%| F|  |TAMS 0x00000000c5500000| PB 0x00000000c5500000| Untracked 
|  54|0x00000000c5600000, 0x00000000c5600000, 0x00000000c5700000|  0%| F|  |TAMS 0x00000000c5600000| PB 0x00000000c5600000| Untracked 
|  55|0x00000000c5700000, 0x00000000c5700000, 0x00000000c5800000|  0%| F|  |TAMS 0x00000000c5700000| PB 0x00000000c5700000| Untracked 
|  56|0x00000000c5800000, 0x00000000c5800000, 0x00000000c5900000|  0%| F|  |TAMS 0x00000000c5800000| PB 0x00000000c5800000| Untracked 
|  57|0x00000000c5900000, 0x00000000c5900000, 0x00000000c5a00000|  0%| F|  |TAMS 0x00000000c5900000| PB 0x00000000c5900000| Untracked 
|  58|0x00000000c5a00000, 0x00000000c5a00000, 0x00000000c5b00000|  0%| F|  |TAMS 0x00000000c5a00000| PB 0x00000000c5a00000| Untracked 
|  59|0x00000000c5b00000, 0x00000000c5b00000, 0x00000000c5c00000|  0%| F|  |TAMS 0x00000000c5b00000| PB 0x00000000c5b00000| Untracked 
|  60|0x00000000c5c00000, 0x00000000c5c00000, 0x00000000c5d00000|  0%| F|  |TAMS 0x00000000c5c00000| PB 0x00000000c5c00000| Untracked 
|  61|0x00000000c5d00000, 0x00000000c5d700e8, 0x00000000c5e00000| 43%| E|  |TAMS 0x00000000c5d00000| PB 0x00000000c5d00000| Complete 

Card table byte_map: [0x000001a17e0a0000,0x000001a17e290000] _byte_map_base: 0x000001a17da90000

Marking Bits: (CMBitMap*) 0x000001a175e3fe00
 Bits: [0x000001a17e480000, 0x000001a17f400000)

Polling page: 0x000001a173d40000

Metaspace:

Usage:
  Non-class:      2.95 MB used.
      Class:    343.17 KB used.
       Both:      3.29 MB used.

Virtual space:
  Non-class space:       64.00 MB reserved,       3.06 MB (  5%) committed,  1 nodes.
      Class space:        1.00 GB reserved,     448.00 KB ( <1%) committed,  1 nodes.
             Both:        1.06 GB reserved,       3.50 MB ( <1%) committed. 

Chunk freelists:
   Non-Class:  2.75 MB
       Class:  3.54 MB
        Both:  6.29 MB

MaxMetaspaceSize: unlimited
CompressedClassSpaceSize: 1.00 GB
Initial GC threshold: 21.00 MB
Current GC threshold: 21.00 MB
CDS: on
MetaspaceReclaimPolicy: balanced
 - commit_granule_bytes: 65536.
 - commit_granule_words: 8192.
 - virtual_space_node_default_size: 8388608.
 - enlarge_chunks_in_place: 1.
 - new_chunks_are_fully_committed: 0.
 - uncommit_free_chunks: 1.
 - use_allocation_guard: 0.


Internal statistics:

num_allocs_failed_limit: 0.
num_arena_births: 104.
num_arena_deaths: 0.
num_vsnodes_births: 2.
num_vsnodes_deaths: 0.
num_space_committed: 56.
num_space_uncommitted: 0.
num_chunks_returned_to_freelist: 0.
num_chunks_taken_from_freelist: 202.
num_chunk_merges: 0.
num_chunk_splits: 119.
num_chunks_enlarged: 59.
num_inconsistent_stats: 0.

CodeHeap 'non-profiled nmethods': size=120000Kb used=307Kb max_used=307Kb free=119692Kb
 bounds [0x000001a107ad0000, 0x000001a107d40000, 0x000001a10f000000]
CodeHeap 'profiled nmethods': size=120000Kb used=1273Kb max_used=1273Kb free=118726Kb
 bounds [0x000001a100000000, 0x000001a100270000, 0x000001a107530000]
CodeHeap 'non-nmethods': size=5760Kb used=1411Kb max_used=1426Kb free=4349Kb
 bounds [0x000001a107530000, 0x000001a1077a0000, 0x000001a107ad0000]
 total_blobs=1267 nmethods=813 adapters=365
 compilation: enabled
              stopped_count=0, restarted_count=0
 full_count=0

Compilation events (20 events):
Event: 1.034 Thread 0x000001a17f8779f0 nmethod 799 0x000001a100138290 code [0x000001a100138660, 0x000001a10013b198]
Event: 1.034 Thread 0x000001a17f8779f0  800       1       java.util.LinkedHashMap::removeEldestEntry (2 bytes)
Event: 1.034 Thread 0x000001a17f8779f0 nmethod 800 0x000001a107b1af10 code [0x000001a107b1b080, 0x000001a107b1b148]
Event: 1.034 Thread 0x000001a17f8779f0  798       3       java.lang.Runtime$Version::feature (17 bytes)
Event: 1.034 Thread 0x000001a17f8779f0 nmethod 798 0x000001a10013be90 code [0x000001a10013c040, 0x000001a10013c328]
Event: 1.035 Thread 0x000001a17f8779f0  802       1       java.lang.invoke.DirectMethodHandle::internalMemberName (5 bytes)
Event: 1.035 Thread 0x000001a17f8779f0 nmethod 802 0x000001a107b1b210 code [0x000001a107b1b380, 0x000001a107b1b448]
Event: 1.035 Thread 0x000001a17f8779f0  803       1       java.lang.invoke.MethodHandles$Lookup::previousLookupClass (5 bytes)
Event: 1.035 Thread 0x000001a17f8779f0 nmethod 803 0x000001a107b1b510 code [0x000001a107b1b680, 0x000001a107b1b748]
Event: 1.036 Thread 0x000001a17f8779f0  805       3       jdk.internal.org.objectweb.asm.ClassReader::readUnsignedShort (26 bytes)
Event: 1.036 Thread 0x000001a17f8779f0 nmethod 805 0x000001a10013c410 code [0x000001a10013c5a0, 0x000001a10013c710]
Event: 1.036 Thread 0x000001a17f8779f0  806       3       sun.invoke.util.VerifyAccess::isClassAccessible (230 bytes)
Event: 1.037 Thread 0x000001a17f8779f0 nmethod 806 0x000001a10013c810 code [0x000001a10013cb00, 0x000001a10013d968]
Event: 1.041 Thread 0x000001a17f8779f0  808       1       java.util.stream.AbstractPipeline::getStreamAndOpFlags (5 bytes)
Event: 1.041 Thread 0x000001a17f8779f0 nmethod 808 0x000001a107b1c110 code [0x000001a107b1c280, 0x000001a107b1c348]
Event: 1.041 Thread 0x000001a17f8779f0  810       3       java.util.ImmutableCollections$AbstractImmutableCollection::<init> (5 bytes)
Event: 1.041 Thread 0x000001a17f8779f0 nmethod 810 0x000001a10013dd10 code [0x000001a10013dea0, 0x000001a10013e068]
Event: 1.041 Thread 0x000001a17f8779f0  809       3       java.util.stream.AbstractPipeline::isParallel (8 bytes)
Event: 1.041 Thread 0x000001a17f8779f0 nmethod 809 0x000001a10013e190 code [0x000001a10013e320, 0x000001a10013e438]
Event: 1.052 Thread 0x000001a17f8779f0  812       3       java.net.URLStreamHandler::parseURL (1124 bytes)

GC Heap History (0 events):
No events

Dll operation events (10 events):
Event: 0.022 Loaded shared library C:\Program Files\Java\jdk-20\bin\java.dll
Event: 0.061 Loaded shared library C:\Program Files\Java\jdk-20\bin\jsvml.dll
Event: 0.279 Loaded shared library C:\Program Files\Java\jdk-20\bin\zip.dll
Event: 0.283 Loaded shared library C:\Program Files\Java\jdk-20\bin\instrument.dll
Event: 0.295 Loaded shared library C:\Program Files\Java\jdk-20\bin\net.dll
Event: 0.299 Loaded shared library C:\Program Files\Java\jdk-20\bin\nio.dll
Event: 0.305 Loaded shared library C:\Program Files\Java\jdk-20\bin\zip.dll
Event: 0.570 Loaded shared library C:\Program Files\JetBrains\IntelliJ IDEA Community Edition 2023.2\bin\breakgen64.dll
Event: 0.596 Loaded shared library C:\Program Files\Java\jdk-20\bin\extnet.dll
Event: 0.659 Loaded shared library C:\Program Files\Java\jdk-20\bin\jimage.dll

Deoptimization events (20 events):
Event: 0.370 Thread 0x000001a175dfd450 DEOPT PACKING pc=0x000001a107ae20fc sp=0x00000047d35fe000
Event: 0.370 Thread 0x000001a175dfd450 DEOPT UNPACKING pc=0x000001a107599d22 sp=0x00000047d35fdf70 mode 2
Event: 0.411 Thread 0x000001a175dfd450 DEOPT PACKING pc=0x000001a100008f57 sp=0x00000047d35fe550
Event: 0.411 Thread 0x000001a175dfd450 DEOPT UNPACKING pc=0x000001a10759a4c2 sp=0x00000047d35fd970 mode 0
Event: 0.428 Thread 0x000001a175dfd450 DEOPT PACKING pc=0x000001a100007441 sp=0x00000047d35fe1f0
Event: 0.428 Thread 0x000001a175dfd450 DEOPT UNPACKING pc=0x000001a10759a4c2 sp=0x00000047d35fd668 mode 0
Event: 0.572 Thread 0x000001a175dfd450 Uncommon trap: trap_request=0xffffff45 fr.pc=0x000001a107ae90ec relative=0x000000000000006c
Event: 0.572 Thread 0x000001a175dfd450 Uncommon trap: reason=unstable_if action=reinterpret pc=0x000001a107ae90ec method=java.lang.String.isLatin1()Z @ 10 c2
Event: 0.572 Thread 0x000001a175dfd450 DEOPT PACKING pc=0x000001a107ae90ec sp=0x00000047d35fe4b0
Event: 0.572 Thread 0x000001a175dfd450 DEOPT UNPACKING pc=0x000001a107599d22 sp=0x00000047d35fe440 mode 2
Event: 0.572 Thread 0x000001a175dfd450 Uncommon trap: trap_request=0xffffff45 fr.pc=0x000001a107ad1634 relative=0x00000000000000b4
Event: 0.572 Thread 0x000001a175dfd450 Uncommon trap: reason=unstable_if action=reinterpret pc=0x000001a107ad1634 method=java.lang.String.isLatin1()Z @ 10 c2
Event: 0.572 Thread 0x000001a175dfd450 DEOPT PACKING pc=0x000001a107ad1634 sp=0x00000047d35feec0
Event: 0.572 Thread 0x000001a175dfd450 DEOPT UNPACKING pc=0x000001a107599d22 sp=0x00000047d35fee00 mode 2
Event: 0.668 Thread 0x000001a175dfd450 Uncommon trap: trap_request=0xffffff45 fr.pc=0x000001a107ae8df8 relative=0x0000000000000078
Event: 0.668 Thread 0x000001a175dfd450 Uncommon trap: reason=unstable_if action=reinterpret pc=0x000001a107ae8df8 method=java.io.WinNTFileSystem.isSlash(C)Z @ 9 c2
Event: 0.668 Thread 0x000001a175dfd450 DEOPT PACKING pc=0x000001a107ae8df8 sp=0x00000047d35fdb90
Event: 0.668 Thread 0x000001a175dfd450 DEOPT UNPACKING pc=0x000001a107599d22 sp=0x00000047d35fdb18 mode 2
Event: 0.671 Thread 0x000001a175dfd450 DEOPT PACKING pc=0x000001a100052328 sp=0x00000047d35fcdd0
Event: 0.671 Thread 0x000001a175dfd450 DEOPT UNPACKING pc=0x000001a10759a4c2 sp=0x00000047d35fc250 mode 0

Classes loaded (20 events):
Event: 1.034 Loading class java/util/stream/DistinctOps$1
Event: 1.034 Loading class java/util/stream/ReferencePipeline$StatefulOp
Event: 1.034 Loading class java/util/stream/ReferencePipeline$StatefulOp done
Event: 1.034 Loading class java/util/stream/DistinctOps$1 done
Event: 1.035 Loading class java/util/ImmutableCollections$Access
Event: 1.035 Loading class java/util/ImmutableCollections$Access done
Event: 1.035 Loading class java/util/ImmutableCollections$Access$1
Event: 1.035 Loading class jdk/internal/access/JavaUtilCollectionAccess
Event: 1.035 Loading class jdk/internal/access/JavaUtilCollectionAccess done
Event: 1.035 Loading class java/util/ImmutableCollections$Access$1 done
Event: 1.037 Loading class java/util/stream/Nodes$SpinedNodeBuilder
Event: 1.037 Loading class java/util/stream/SpinedBuffer
Event: 1.038 Loading class java/util/stream/AbstractSpinedBuffer
Event: 1.038 Loading class java/util/stream/AbstractSpinedBuffer done
Event: 1.038 Loading class java/util/stream/SpinedBuffer done
Event: 1.038 Loading class java/util/stream/Nodes$SpinedNodeBuilder done
Event: 1.040 Loading class java/util/stream/DistinctOps$1$2
Event: 1.040 Loading class java/util/stream/DistinctOps$1$2 done
Event: 1.057 Loading class java/lang/reflect/UndeclaredThrowableException
Event: 1.057 Loading class java/lang/reflect/UndeclaredThrowableException done

Classes unloaded (0 events):
No events

Classes redefined (0 events):
No events

Internal exceptions (9 events):
Event: 0.551 Thread 0x000001a175dfd450 Exception <a 'java/lang/NoSuchMethodError'{0x00000000c57bf338}: 'void java.lang.invoke.DirectMethodHandle$Holder.invokeStatic(java.lang.Object, java.lang.Object, java.lang.Object)'> (0x00000000c57bf338) 
thrown [s\open\src\hotspot\share\interpreter\linkResolver.cpp, line 773]
Event: 0.561 Thread 0x000001a175dfd450 Exception <a 'java/lang/NoSuchMethodError'{0x00000000c57d6840}: 'java.lang.Object java.lang.invoke.Invokers$Holder.invokeExact_MT(java.lang.Object, java.lang.Object, java.lang.Object, java.lang.Object, java.lang.Object)'> (0x00000000c57d6840) 
thrown [s\open\src\hotspot\share\interpreter\linkResolver.cpp, line 773]
Event: 0.598 Thread 0x000001a17fe293a0 Exception <a 'java/lang/NoSuchMethodError'{0x00000000c57fe240}: 'void java.lang.invoke.DirectMethodHandle$Holder.invokeStatic(java.lang.Object, java.lang.Object)'> (0x00000000c57fe240) 
thrown [s\open\src\hotspot\share\interpreter\linkResolver.cpp, line 773]
Event: 0.751 Thread 0x000001a175dfd450 Exception <a 'java/lang/ClassNotFoundException'{0x00000000c5405c98}: javax/smartcardio/CardPermission> (0x00000000c5405c98) 
thrown [s\open\src\hotspot\share\classfile\systemDictionary.cpp, line 305]
Event: 0.756 Thread 0x000001a175dfd450 Exception <a 'java/io/FileNotFoundException'{0x00000000c5414458}> (0x00000000c5414458) 
thrown [s\open\src\hotspot\share\prims\jni.cpp, line 519]
Event: 0.803 Thread 0x000001a175dfd450 Exception <a 'java/lang/NoSuchMethodError'{0x00000000c5495e70}: 'java.lang.Object java.lang.invoke.DirectMethodHandle$Holder.invokeSpecial(java.lang.Object, java.lang.Object, java.lang.Object, long, java.lang.Object)'> (0x00000000c5495e70) 
thrown [s\open\src\hotspot\share\interpreter\linkResolver.cpp, line 773]
Event: 0.804 Thread 0x000001a175dfd450 Exception <a 'java/lang/NoSuchMethodError'{0x00000000c54997c0}: 'java.lang.Object java.lang.invoke.Invokers$Holder.linkToTargetMethod(java.lang.Object, long, java.lang.Object, java.lang.Object)'> (0x00000000c54997c0) 
thrown [s\open\src\hotspot\share\interpreter\linkResolver.cpp, line 773]
Event: 0.983 Thread 0x000001a175dfd450 Exception <a 'java/lang/NoSuchMethodError'{0x00000000c528b288}: 'void java.lang.invoke.DirectMethodHandle$Holder.invokeStatic(java.lang.Object, java.lang.Object, java.lang.Object, java.lang.Object)'> (0x00000000c528b288) 
thrown [s\open\src\hotspot\share\interpreter\linkResolver.cpp, line 773]
Event: 1.058 Thread 0x000001a175dfd450 Exception <a 'java/lang/NoSuchMethodError'{0x00000000c519ee20}: 'int java.lang.invoke.DirectMethodHandle$Holder.invokeStaticInit(java.lang.Object, java.lang.Object)'> (0x00000000c519ee20) 
thrown [s\open\src\hotspot\share\interpreter\linkResolver.cpp, line 773]

VM Operations (8 events):
Event: 0.249 Executing VM operation: HandshakeAllThreads
Event: 0.249 Executing VM operation: HandshakeAllThreads done
Event: 0.579 Executing VM operation: HandshakeAllThreads
Event: 0.579 Executing VM operation: HandshakeAllThreads done
Event: 0.668 Executing VM operation: HandshakeAllThreads
Event: 0.668 Executing VM operation: HandshakeAllThreads done
Event: 0.901 Executing VM operation: HandshakeAllThreads
Event: 0.901 Executing VM operation: HandshakeAllThreads done

Events (13 events):
Event: 0.061 Thread 0x000001a175dfd450 Thread added: 0x000001a175dfd450
Event: 0.086 Thread 0x000001a17f86a910 Thread added: 0x000001a17f86a910
Event: 0.086 Thread 0x000001a17f86cb60 Thread added: 0x000001a17f86cb60
Event: 0.087 Thread 0x000001a17f86d840 Thread added: 0x000001a17f86d840
Event: 0.087 Thread 0x000001a17f870190 Thread added: 0x000001a17f870190
Event: 0.087 Thread 0x000001a17f871ae0 Thread added: 0x000001a17f871ae0
Event: 0.087 Thread 0x000001a17f872420 Thread added: 0x000001a17f872420
Event: 0.087 Thread 0x000001a17f873090 Thread added: 0x000001a17f873090
Event: 0.090 Thread 0x000001a17f8779f0 Thread added: 0x000001a17f8779f0
Event: 0.235 Thread 0x000001a17f84c330 Thread added: 0x000001a17f84c330
Event: 0.426 Thread 0x000001a17fc0f820 Thread added: 0x000001a17fc0f820
Event: 0.571 Thread 0x000001a17fe293a0 Thread added: 0x000001a17fe293a0
Event: 0.571 Thread 0x000001a17fdcbed0 Thread added: 0x000001a17fdcbed0


Dynamic libraries:
0x00007ff66bfe0000 - 0x00007ff66bff0000 	C:\Program Files\Java\jdk-20\bin\java.exe
0x00007ff8cfb30000 - 0x00007ff8cfd28000 	C:\Windows\SYSTEM32\ntdll.dll
0x00007ff8cee90000 - 0x00007ff8cef4d000 	C:\Windows\System32\KERNEL32.DLL
0x00007ff8cd520000 - 0x00007ff8cd816000 	C:\Windows\System32\KERNELBASE.dll
0x00007ff8cd820000 - 0x00007ff8cd920000 	C:\Windows\System32\ucrtbase.dll
0x00007ff8c7a40000 - 0x00007ff8c7a5b000 	C:\Program Files\Java\jdk-20\bin\VCRUNTIME140.dll
0x00007ff8bf8a0000 - 0x00007ff8bf8b9000 	C:\Program Files\Java\jdk-20\bin\jli.dll
0x00007ff8ce920000 - 0x00007ff8ce9d0000 	C:\Windows\System32\ADVAPI32.dll
0x00007ff8ce160000 - 0x00007ff8ce1fe000 	C:\Windows\System32\msvcrt.dll
0x00007ff8ce2e0000 - 0x00007ff8ce380000 	C:\Windows\System32\sechost.dll
0x00007ff8cdc20000 - 0x00007ff8cdd43000 	C:\Windows\System32\RPCRT4.dll
0x00007ff8cd1e0000 - 0x00007ff8cd207000 	C:\Windows\System32\bcrypt.dll
0x00007ff8ce9d0000 - 0x00007ff8ceb6f000 	C:\Windows\System32\USER32.dll
0x00007ff8cd4f0000 - 0x00007ff8cd512000 	C:\Windows\System32\win32u.dll
0x00007ff8cee40000 - 0x00007ff8cee6b000 	C:\Windows\System32\GDI32.dll
0x00007ff8cd280000 - 0x00007ff8cd397000 	C:\Windows\System32\gdi32full.dll
0x00007ff8cd3a0000 - 0x00007ff8cd43d000 	C:\Windows\System32\msvcp_win.dll
0x00007ff8bc780000 - 0x00007ff8bca1a000 	C:\Windows\WinSxS\amd64_microsoft.windows.common-controls_6595b64144ccf1df_6.0.19041.3636_none_60b6a03d71f818d5\COMCTL32.dll
0x00007ff8c6cc0000 - 0x00007ff8c6cca000 	C:\Windows\SYSTEM32\VERSION.dll
0x00007ff8cef50000 - 0x00007ff8cef82000 	C:\Windows\System32\IMM32.DLL
0x00007ff8c7a00000 - 0x00007ff8c7a0c000 	C:\Program Files\Java\jdk-20\bin\vcruntime140_1.dll
0x00007ff8a7700000 - 0x00007ff8a778e000 	C:\Program Files\Java\jdk-20\bin\msvcp140.dll
0x00007ff872a60000 - 0x00007ff8736f7000 	C:\Program Files\Java\jdk-20\bin\server\jvm.dll
0x00007ff8ca980000 - 0x00007ff8ca989000 	C:\Windows\SYSTEM32\WSOCK32.dll
0x00007ff8cf8d0000 - 0x00007ff8cf93b000 	C:\Windows\System32\WS2_32.dll
0x00007ff8baf80000 - 0x00007ff8bafa7000 	C:\Windows\SYSTEM32\WINMM.dll
0x00007ff8cb070000 - 0x00007ff8cb082000 	C:\Windows\SYSTEM32\kernel.appcore.dll
0x00007ff8c6c20000 - 0x00007ff8c6c2a000 	C:\Program Files\Java\jdk-20\bin\jimage.dll
0x00007ff8b96a0000 - 0x00007ff8b9884000 	C:\Windows\SYSTEM32\DBGHELP.DLL
0x00007ff8b8da0000 - 0x00007ff8b8dd4000 	C:\Windows\SYSTEM32\dbgcore.DLL
0x00007ff8cd970000 - 0x00007ff8cd9f2000 	C:\Windows\System32\bcryptPrimitives.dll
0x00007ff8c7c30000 - 0x00007ff8c7c3e000 	C:\Program Files\Java\jdk-20\bin\instrument.dll
0x00007ff8bf870000 - 0x00007ff8bf896000 	C:\Program Files\Java\jdk-20\bin\java.dll
0x00007ff8a7620000 - 0x00007ff8a76f7000 	C:\Program Files\Java\jdk-20\bin\jsvml.dll
0x00007ff8cef90000 - 0x00007ff8cf6fb000 	C:\Windows\System32\SHELL32.dll
0x00007ff8cb270000 - 0x00007ff8cba0e000 	C:\Windows\SYSTEM32\windows.storage.dll
0x00007ff8cdd50000 - 0x00007ff8ce0a3000 	C:\Windows\System32\combase.dll
0x00007ff8ccb40000 - 0x00007ff8ccb6e000 	C:\Windows\SYSTEM32\Wldp.dll
0x00007ff8cf720000 - 0x00007ff8cf7ed000 	C:\Windows\System32\OLEAUT32.dll
0x00007ff8ce0b0000 - 0x00007ff8ce15d000 	C:\Windows\System32\SHCORE.dll
0x00007ff8cecf0000 - 0x00007ff8ced45000 	C:\Windows\System32\shlwapi.dll
0x00007ff8cd110000 - 0x00007ff8cd133000 	C:\Windows\SYSTEM32\profapi.dll
0x00007ff8b4620000 - 0x00007ff8b4638000 	C:\Program Files\Java\jdk-20\bin\zip.dll
0x00007ff8b9ff0000 - 0x00007ff8ba003000 	C:\Program Files\Java\jdk-20\bin\net.dll
0x00007ff8c2df0000 - 0x00007ff8c2efa000 	C:\Windows\SYSTEM32\WINHTTP.dll
0x00007ff8cc8a0000 - 0x00007ff8cc90a000 	C:\Windows\system32\mswsock.dll
0x00007ff8b47e0000 - 0x00007ff8b47f6000 	C:\Program Files\Java\jdk-20\bin\nio.dll
0x00007ff8c5ef0000 - 0x00007ff8c5f0a000 	C:\Program Files\JetBrains\IntelliJ IDEA Community Edition 2023.2\bin\breakgen64.dll
0x00007ff8c62f0000 - 0x00007ff8c62f7000 	C:\Program Files\Java\jdk-20\bin\extnet.dll

dbghelp: loaded successfully - version: 4.0.5 - missing functions: none
symbol engine: initialized successfully - sym options: 0x614 - pdb path: .;C:\Program Files\Java\jdk-20\bin;C:\Windows\SYSTEM32;C:\Windows\WinSxS\amd64_microsoft.windows.common-controls_6595b64144ccf1df_6.0.19041.3636_none_60b6a03d71f818d5;C:\Program Files\Java\jdk-20\bin\server;C:\Program Files\JetBrains\IntelliJ IDEA Community Edition 2023.2\bin

VM Arguments:
jvm_args: -javaagent:C:\Program Files\JetBrains\IntelliJ IDEA Community Edition 2023.2\lib\idea_rt.jar=58270:C:\Program Files\JetBrains\IntelliJ IDEA Community Edition 2023.2\bin -Dfile.encoding=UTF-8 -Dsun.stdout.encoding=UTF-8 -Dsun.stderr.encoding=UTF-8 
java_command: com.Buyogo.Center.CenterApplication
java_class_path (initial): C:\Users\LENOVO\Desktop\New folder\Center\target\classes;C:\Users\LENOVO\.m2\repository\org\springframework\boot\spring-boot-starter-data-jpa\3.2.5\spring-boot-starter-data-jpa-3.2.5.jar;C:\Users\LENOVO\.m2\repository\org\springframework\boot\spring-boot-starter-aop\3.2.5\spring-boot-starter-aop-3.2.5.jar;C:\Users\LENOVO\.m2\repository\org\springframework\spring-aop\6.1.6\spring-aop-6.1.6.jar;C:\Users\LENOVO\.m2\repository\org\aspectj\aspectjweaver\1.9.22\aspectjweaver-1.9.22.jar;C:\Users\LENOVO\.m2\repository\org\springframework\boot\spring-boot-starter-jdbc\3.2.5\spring-boot-starter-jdbc-3.2.5.jar;C:\Users\LENOVO\.m2\repository\com\zaxxer\HikariCP\5.0.1\HikariCP-5.0.1.jar;C:\Users\LENOVO\.m2\repository\org\springframework\spring-jdbc\6.1.6\spring-jdbc-6.1.6.jar;C:\Users\LENOVO\.m2\repository\org\hibernate\orm\hibernate-core\6.4.4.Final\hibernate-core-6.4.4.Final.jar;C:\Users\LENOVO\.m2\repository\jakarta\persistence\jakarta.persistence-api\3.1.0\jakarta.persistence-api-3.1.0.jar;C:\Users\LENOVO\.m2\repository\jakarta\transaction\jakarta.transaction-api\2.0.1\jakarta.transaction-api-2.0.1.jar;C:\Users\LENOVO\.m2\repository\org\jboss\logging\jboss-logging\3.5.3.Final\jboss-logging-3.5.3.Final.jar;C:\Users\LENOVO\.m2\repository\org\hibernate\common\hibernate-commons-annotations\6.0.6.Final\hibernate-commons-annotations-6.0.6.Final.jar;C:\Users\LENOVO\.m2\repository\io\smallrye\jandex\3.1.2\jandex-3.1.2.jar;C:\Users\LENOVO\.m2\repository\com\fasterxml\classmate\1.6.0\classmate-1.6.0.jar;C:\Users\LENOVO\.m2\repository\net\bytebuddy\byte-buddy\1.14.13\byte-buddy-1.14.13.jar;C:\Users\LENOVO\.m2\repository\org\glassfish\jaxb\jaxb-runtime\4.0.5\jaxb-runtime-4.0.5.jar;C:\Users\LENOVO\.m2\repository\org\glassfish\jaxb\jaxb-core\4.0.5\jaxb-core-4.0.5.jar;C:\Users\LENOVO\.m2\repository\org\eclipse\angus\angus-activation\2.0.2\angus-activation-2.0.2.jar;C:\Users\LENOVO\.m2\repository\org\glassfish\jaxb\txw2\4.0.5\txw2-4.0.5.jar;C:\Users\LENOVO\.m2\repository\com\sun\istack\istack-commons-runtime\4.1.2\istack-commons-runtime-4.1.2.jar;C:\Users\LENOVO\.m2\repository\jakarta\inject\jakarta.inject-api\2.0.1\jakarta.inject-api-2.0.1.jar;C:\Users\LENOVO\.m2\repository\org\antlr\antlr4-runtime\4.13.0\antlr4-runtime-4.13.0.jar;C:\Users\LENOVO\.m2\repository\org\springframework\data\spring-data-jpa\3.2.5\spring-data-jpa-3.2.5.jar;C:\Users\LENOVO\.m2\repository\org\springframework\data\spring-data-commons\3.2.5\spring-data-commons-3.2.5.jar;C:\Users\LENOVO\.m2\repository\org\springframework\spring-orm\6.1.6\spring-orm-6.1.6.jar;C:\Users\LENOVO\.m2\repository\org\springframework\spring-context\6.1.6\spring-context-6.1.6.jar;C:\Users\LENOVO\.m2\repository\org\springframework\spring-tx\6.1.6\spring-tx-6.1.6.jar;C:\Users\LENOVO\.m2\repository\org\springframework\spring-beans\6.1.6\spring-beans-6.1.6.jar;C:\Users\LENOVO\.m2\repository\jakarta\annotation\jakarta.annotation-api\2.1.1\jakarta.annotation-api-2.1.1.jar;C:\Users\LENOVO\.m2\repository\org\slf4j\slf4j-api\2.0.13\slf4j-api-2.0.13.jar;C:\Users\LENOVO\.m2\repository\org\springframework\spring-aspects\6.1.6\spring-aspects-6.1.6.jar;C:\Users\LENOVO\.m2\repository\org\springframework\boot\spring-boot-starter-validation\3.2.5\spring-boot-starter-validation-3.2.5.jar;C:\Users\LENOVO\.m2\repository\org\springframework\boot\spring-boot-starter\3.2.5\spring-boot-starter-3.2.5.jar;C:\Users\LENOVO\.m2\repository\org\springframework\boot\spring-boot\3.2.5\spring-boot-3.2.5.jar;C:\Users\LENOVO\.m2\repository\org\springframework\boot\spring-boot-autoconfigure\3.2.5\spring-boot-autoconfigure-3.2.5.jar;C:\Users\LENOVO\.m2\repository\org\springframework\boot\spring-boot-starter-logging\3.2.5\spring-boot-starter-logging-3.2.5.jar;C:\Users\LENOVO\.m2\repository\ch\qos\logback\logback-classic\1.4.14\logback-classic-1.4.14.jar;C:\Users\LENOVO\.m2\repository\ch\qos\logback\logback-core\1.4.14\logback-core-1.4.14.jar;C:\Users\LENOVO\.m2\repository\org\apache\logging\log4j\log4j-to-slf4j\2.21.1\log4j-to-slf4j-2.21.1.jar;C:\Users\LENOVO\.m2\repository\org\apache\logging\log4j\log4j-api\2.21.1\log4j-api-2.21.1.jar;C:\Users\LENOVO\.m2\repository\org\slf4j\jul-to-slf4j\2.0.13\jul-to-slf4j-2.0.13.jar;C:\Users\LENOVO\.m2\repository\org\yaml\snakeyaml\2.2\snakeyaml-2.2.jar;C:\Users\LENOVO\.m2\repository\org\apache\tomcat\embed\tomcat-embed-el\10.1.20\tomcat-embed-el-10.1.20.jar;C:\Users\LENOVO\.m2\repository\org\hibernate\validator\hibernate-validator\8.0.1.Final\hibernate-validator-8.0.1.Final.jar;C:\Users\LENOVO\.m2\repository\jakarta\validation\jakarta.validation-api\3.0.2\jakarta.validation-api-3.0.2.jar;C:\Users\LENOVO\.m2\repository\org\springframework\boot\spring-boot-starter-web\3.2.5\spring-boot-starter-web-3.2.5.jar;C:\Users\LENOVO\.m2\repository\org\springframework\boot\spring-boot-starter-json\3.2.5\spring-boot-starter-json-3.2.5.jar;C:\Users\LENOVO\.m2\repository\com\fasterxml\jackson\core\jackson-databind\2.15.4\jackson-databind-2.15.4.jar;C:\Users\LENOVO\.m2\repository\com\fasterxml\jackson\core\jackson-annotations\2.15.4\jackson-annotations-2.15.4.jar;C:\Users\LENOVO\.m2\repository\com\fasterxml\jackson\core\jackson-core\2.15.4\jackson-core-2.15.4.jar;C:\Users\LENOVO\.m2\repository\com\fasterxml\jackson\datatype\jackson-datatype-jdk8\2.15.4\jackson-datatype-jdk8-2.15.4.jar;C:\Users\LENOVO\.m2\repository\com\fasterxml\jackson\datatype\jackson-datatype-jsr310\2.15.4\jackson-datatype-jsr310-2.15.4.jar;C:\Users\LENOVO\.m2\repository\com\fasterxml\jackson\module\jackson-module-parameter-names\2.15.4\jackson-module-parameter-names-2.15.4.jar;C:\Users\LENOVO\.m2\repository\org\springframework\boot\spring-boot-starter-tomcat\3.2.5\spring-boot-starter-tomcat-3.2.5.jar;C:\Users\LENOVO\.m2\repository\org\apache\tomcat\embed\tomcat-embed-core\10.1.20\tomcat-embed-core-10.1.20.jar;C:\Users\LENOVO\.m2\repository\org\apache\tomcat\embed\tomcat-embed-websocket\10.1.20\tomcat-embed-websocket-10.1.20.jar;C:\Users\LENOVO\.m2\repository\org\springframework\spring-web\6.1.6\spring-web-6.1.6.jar;C:\Users\LENOVO\.m2\repository\io\micrometer\micrometer-observation\1.12.5\micrometer-observation-1.12.5.jar;C:\Users\LENOVO\.m2\repository\io\micrometer\micrometer-commons\1.12.5\micrometer-commons-1.12.5.jar;C:\Users\LENOVO\.m2\repository\org\springframework\spring-webmvc\6.1.6\spring-webmvc-6.1.6.jar;C:\Users\LENOVO\.m2\repository\org\springframework\spring-expression\6.1.6\spring-expression-6.1.6.jar;C:\Users\LENOVO\.m2\repository\org\springdoc\springdoc-openapi-starter-webmvc-ui\2.1.0\springdoc-openapi-starter-webmvc-ui-2.1.0.jar;C:\Users\LENOVO\.m2\repository\org\springdoc\springdoc-openapi-starter-webmvc-api\2.1.0\springdoc-openapi-starter-webmvc-api-2.1.0.jar;C:\Users\LENOVO\.m2\repository\org\springdoc\springdoc-openapi-starter-common\2.1.0\springdoc-openapi-starter-common-2.1.0.jar;C:\Users\LENOVO\.m2\repository\io\swagger\core\v3\swagger-core-jakarta\2.2.9\swagger-core-jakarta-2.2.9.jar;C:\Users\LENOVO\.m2\repository\org\apache\commons\commons-lang3\3.13.0\commons-lang3-3.13.0.jar;C:\Users\LENOVO\.m2\repository\io\swagger\core\v3\swagger-annotations-jakarta\2.2.9\swagger-annotations-jakarta-2.2.9.jar;C:\Users\LENOVO\.m2\repository\io\swagger\core\v3\swagger-models-jakarta\2.2.9\swagger-models-jakarta-2.2.9.jar;C:\Users\LENOVO\.m2\repository\com\fasterxml\jackson\dataformat\jackson-dataformat-yaml\2.15.4\jackson-dataformat-yaml-2.15.4.jar;C:\Users\LENOVO\.m2\repository\org\webjars\swagger-ui\4.18.2\swagger-ui-4.18.2.jar;C:\Users\LENOVO\.m2\repository\com\mysql\mysql-connector-j\8.3.0\mysql-connector-j-8.3.0.jar;C:\Users\LENOVO\.m2\repository\org\projectlombok\lombok\1.18.32\lombok-1.18.32.jar;C:\Users\LENOVO\.m2\repository\jakarta\xml\bind\jakarta.xml.bind-api\4.0.2\jakarta.xml.bind-api-4.0.2.jar;C:\Users\LENOVO\.m2\repository\jakarta\activation\jakarta.activation-api\2.1.3\jakarta.activation-api-2.1.3.jar;C:\Users\LENOVO\.m2\repository\org\springframework\spring-core\6.1.6\spring-core-6.1.6.jar;C:\Users\LENOVO\.m2\repository\org\springframework\spring-jcl\6.1.6\spring-jcl-6.1.6.jar
Launcher Type: SUN_STANDARD

[Global flags]
     intx CICompilerCount                          = 3                                         {product} {ergonomic}
     uint ConcGCThreads                            = 1                                         {product} {ergonomic}
     uint G1ConcRefinementThreads                  = 4                                         {product} {ergonomic}
   size_t G1HeapRegionSize                         = 1048576                                   {product} {ergonomic}
    uintx GCDrainStackTargetSize                   = 64                                        {product} {ergonomic}
   size_t InitialHeapSize                          = 65011712                                  {product} {ergonomic}
   size_t MarkStackSize                            = 4194304                                   {product} {ergonomic}
   size_t MaxHeapSize                              = 1040187392                                {product} {ergonomic}
   size_t MaxNewSize                               = 623902720                                 {product} {ergonomic}
   size_t MinHeapDeltaBytes                        = 1048576                                   {product} {ergonomic}
   size_t MinHeapSize                              = 8388608                                   {product} {ergonomic}
    uintx NonNMethodCodeHeapSize                   = 5832780                                {pd product} {ergonomic}
    uintx NonProfiledCodeHeapSize                  = 122912730                              {pd product} {ergonomic}
    uintx ProfiledCodeHeapSize                     = 122912730                              {pd product} {ergonomic}
    uintx ReservedCodeCacheSize                    = 251658240                              {pd product} {ergonomic}
     bool SegmentedCodeCache                       = true                                      {product} {ergonomic}
   size_t SoftMaxHeapSize                          = 1040187392                             {manageable} {ergonomic}
     bool UseCompressedClassPointers               = true                           {product lp64_product} {ergonomic}
     bool UseCompressedOops                        = true                           {product lp64_product} {ergonomic}
     bool UseG1GC                                  = true                                      {product} {ergonomic}
     bool UseLargePagesIndividualAllocation        = false                                  {pd product} {ergonomic}

Logging:
Log output configuration:
 #0: stdout all=warning uptime,level,tags foldmultilines=false
 #1: stderr all=off uptime,level,tags foldmultilines=false

Environment Variables:
JAVA_HOME=C:\Users\LENOVO\AppData\Local\Programs\Eclipse Adoptium\jdk-17.0.7.7-hotspot\
PATH=C:\Program Files\Common Files\Oracle\Java\javapath;C:\Windows\system32;C:\Windows;C:\Windows\System32\Wbem;C:\Windows\System32\WindowsPowerShell\v1.0\;C:\Windows\System32\OpenSSH\;C:\Program Files\Java\jdk-20\bin;C:\Program Files\Git\cmd;C:\Users\LENOVO\AppData\Local\Programs\Eclipse Adoptium\jdk-17.0.7.7-hotspot\bin;C:\Users\LENOVO\AppData\Local\Microsoft\WindowsApps;C:\Users\LENOVO\AppData\Local\Programs\Microsoft VS Code\bin;C:\Program Files\Java\jdk-20\bin;;C:\Program Files\JetBrains\IntelliJ IDEA Community Edition 2023.2\bin;
USERNAME=LENOVO
OS=Windows_NT
PROCESSOR_IDENTIFIER=Intel64 Family 6 Model 142 Stepping 10, GenuineIntel
TMP=C:\Users\LENOVO\AppData\Local\Temp
TEMP=C:\Users\LENOVO\AppData\Local\Temp




---------------  S Y S T E M  ---------------

OS:
 Windows 10 , 64 bit Build 19041 (10.0.19041.3636)
OS uptime: 5 days 0:37 hours

CPU: total 4 (initial active 4) (2 cores per cpu, 2 threads per core) family 6 model 142 stepping 10 microcode 0xb4, cx8, cmov, fxsr, ht, mmx, 3dnowpref, sse, sse2, sse3, ssse3, sse4.1, sse4.2, popcnt, lzcnt, tsc, tscinvbit, avx, avx2, aes, erms, clmul, bmi1, bmi2, adx, fma, vzeroupper, clflush, clflushopt, rdtscp, f16c

Memory: 4k page, system-wide physical 3962M (777M free)
TotalPageFile size 8058M (AvailPageFile size 0M)
current process WorkingSet (physical memory assigned to process): 64M, peak: 64M
current process commit charge ("private bytes"): 145M, peak: 145M

vm_info: Java HotSpot(TM) 64-Bit Server VM (20.0.1+9-29) for windows-amd64 JRE (20.0.1+9-29), built on 2023-03-07T13:56:11Z by "mach5one" with MS VC++ 17.1 (VS2022)

END.
